  AI.cpp
C:\Users\Mike\Documents\AI\Library_For_AI\Graf.h(84,24): warning C4244: =: преобразование "unsigned __int64" в "unsigned int", возможна потеря данных
  (компиляция исходного файла "AI.cpp")
  
C:\Users\Mike\Documents\AI\Library_For_AI\Graf.h(92,24): warning C4244: =: преобразование "unsigned __int64" в "unsigned int", возможна потеря данных
  (компиляция исходного файла "AI.cpp")
  
C:\Users\Mike\Documents\AI\Library_For_AI\AI.cpp(32,20): warning C4267: =: преобразование из "size_t" в "unsigned int"; возможна потеря данных
C:\Users\Mike\Documents\AI\Library_For_AI\AI.cpp(33,21): warning C4267: =: преобразование из "size_t" в "unsigned int"; возможна потеря данных
C:\Users\Mike\Documents\AI\Library_For_AI\AI.cpp(163,27): warning C4244: инициализация: преобразование "double" в "size_t", возможна потеря данных
C:\Users\Mike\Documents\AI\Library_For_AI\AI.cpp(166,42): warning C4267: аргумент: преобразование из "size_t" в "unsigned int"; возможна потеря данных
C:\Users\Mike\Documents\AI\Library_For_AI\AI.cpp(196,23): warning C4244: инициализация: преобразование "double" в "size_t", возможна потеря данных
C:\Users\Mike\Documents\AI\Library_For_AI\AI.cpp(198,27): warning C4244: инициализация: преобразование "double" в "size_t", возможна потеря данных
  AISpace.cpp
C:\Users\Mike\Documents\AI\Library_For_AI\Graf.h(84,24): warning C4244: =: преобразование "unsigned __int64" в "unsigned int", возможна потеря данных
  (компиляция исходного файла "AISpace.cpp")
  
C:\Users\Mike\Documents\AI\Library_For_AI\Graf.h(92,24): warning C4244: =: преобразование "unsigned __int64" в "unsigned int", возможна потеря данных
  (компиляция исходного файла "AISpace.cpp")
  
C:\Users\Mike\Documents\AI\Library_For_AI\AISpace.cpp(56,18): warning C4244: инициализация: преобразование "double" в "int", возможна потеря данных
  CmdAndAPI.cpp
C:\Users\Mike\Documents\AI\Library_For_AI\Graf.h(84,24): warning C4244: =: преобразование "unsigned __int64" в "unsigned int", возможна потеря данных
  (компиляция исходного файла "CmdAndAPI.cpp")
  
C:\Users\Mike\Documents\AI\Library_For_AI\Graf.h(92,24): warning C4244: =: преобразование "unsigned __int64" в "unsigned int", возможна потеря данных
  (компиляция исходного файла "CmdAndAPI.cpp")
  
C:\Users\Mike\Documents\AI\Library_For_AI\CmdAndAPI.cpp(155,81): warning C4267: аргумент: преобразование из "size_t" в "int"; возможна потеря данных
C:\Users\Mike\Documents\AI\Library_For_AI\CmdAndAPI.cpp(180,77): warning C4267: аргумент: преобразование из "size_t" в "int"; возможна потеря данных
C:\Users\Mike\Documents\AI\Library_For_AI\CmdAndAPI.cpp(201,62): warning C4244: аргумент: преобразование "int" в "float", возможна потеря данных
C:\Users\Mike\Documents\AI\Library_For_AI\CmdAndAPI.cpp(248,57): warning C4267: аргумент: преобразование из "size_t" в "int"; возможна потеря данных
C:\Users\Mike\Documents\AI\Library_For_AI\CmdAndAPI.cpp(295,52): warning C4244: аргумент: преобразование "int" в "float", возможна потеря данных
  freeNetwork.cpp
C:\Users\Mike\Documents\AI\Library_For_AI\Graf.h(84,24): warning C4244: =: преобразование "unsigned __int64" в "unsigned int", возможна потеря данных
  (компиляция исходного файла "freeNetwork.cpp")
  
C:\Users\Mike\Documents\AI\Library_For_AI\Graf.h(92,24): warning C4244: =: преобразование "unsigned __int64" в "unsigned int", возможна потеря данных
  (компиляция исходного файла "freeNetwork.cpp")
  
  LogManager.cpp
  main.cpp
C:\Users\Mike\Documents\AI\Library_For_AI\Graf.h(84,24): warning C4244: =: преобразование "unsigned __int64" в "unsigned int", возможна потеря данных
  (компиляция исходного файла "main.cpp")
  
C:\Users\Mike\Documents\AI\Library_For_AI\Graf.h(92,24): warning C4244: =: преобразование "unsigned __int64" в "unsigned int", возможна потеря данных
  (компиляция исходного файла "main.cpp")
  
  perceptron.cpp
C:\Users\Mike\Documents\AI\Library_For_AI\Graf.h(84,24): warning C4244: =: преобразование "unsigned __int64" в "unsigned int", возможна потеря данных
  (компиляция исходного файла "perceptron.cpp")
  
C:\Users\Mike\Documents\AI\Library_For_AI\Graf.h(92,24): warning C4244: =: преобразование "unsigned __int64" в "unsigned int", возможна потеря данных
  (компиляция исходного файла "perceptron.cpp")
  
C:\Users\Mike\Documents\AI\Library_For_AI\perceptron.cpp(358,27): warning C4267: =: преобразование из "size_t" в "unsigned int"; возможна потеря данных
C:\Users\Mike\Documents\AI\Library_For_AI\perceptron.cpp(374,96): warning C4267: аргумент: преобразование из "size_t" в "int"; возможна потеря данных
  Создание кода
  619 of 1756 functions (35.3%) were compiled, the rest were copied from previous compilation.
    6 functions were new in current compilation
    97 functions had inline decision re-evaluated but remain unchanged
  Создание кода завершено
  Library_For_AI.vcxproj -> C:\Users\Mike\Documents\AI\x64\Release\Library_For_AI.exe
