c:\c++\library_for_ai\library_for_ai\x64\debug\vc143.pdb
c:\c++\library_for_ai\library_for_ai\x64\debug\vc143.idb
c:\c++\library_for_ai\library_for_ai\x64\debug\vertex.obj
c:\c++\library_for_ai\library_for_ai\x64\debug\perceptron.obj
c:\c++\library_for_ai\library_for_ai\x64\debug\main.obj
c:\c++\library_for_ai\library_for_ai\x64\debug\freenetwork.obj
c:\c++\library_for_ai\library_for_ai\x64\debug\edges.obj
c:\c++\library_for_ai\library_for_ai\x64\debug\aispace.obj
c:\c++\library_for_ai\library_for_ai\x64\debug\ai.obj
c:\c++\library_for_ai\x64\debug\library_for_ai.exe
c:\c++\library_for_ai\x64\debug\library_for_ai.pdb
c:\c++\library_for_ai\library_for_ai\x64\debug\library_for_ai.ilk
c:\c++\library_for_ai\library_for_ai\x64\debug\library_for_ai.tlog\cl.command.1.tlog
c:\c++\library_for_ai\library_for_ai\x64\debug\library_for_ai.tlog\cl.items.tlog
c:\c++\library_for_ai\library_for_ai\x64\debug\library_for_ai.tlog\cl.read.1.tlog
c:\c++\library_for_ai\library_for_ai\x64\debug\library_for_ai.tlog\cl.write.1.tlog
c:\c++\library_for_ai\library_for_ai\x64\debug\library_for_ai.tlog\link.command.1.tlog
c:\c++\library_for_ai\library_for_ai\x64\debug\library_for_ai.tlog\link.read.1.tlog
c:\c++\library_for_ai\library_for_ai\x64\debug\library_for_ai.tlog\link.secondary.1.tlog
c:\c++\library_for_ai\library_for_ai\x64\debug\library_for_ai.tlog\link.write.1.tlog
